<?xml version="1.0" encoding="UTF-8"?>
<!-- Generated by org.testng.reporters.JUnitReportReporter -->
<testsuite skipped="0" hostname="DESKTOP-8P3UHHS" name="com.testng.sample1.HelloWorld" tests="2" failures="0" timestamp="15 Aug 2017 11:16:08 GMT" time="0.007" errors="0">
  <testcase name="addTest" time="0.006" classname="com.testng.sample1.HelloWorld"/>
  <testcase name="subtractTest" time="0.001" classname="com.testng.sample1.HelloWorld"/>
</testsuite> <!-- com.testng.sample1.HelloWorld -->
