<?xml version="1.0" encoding="UTF-8"?>
<!-- Generated by org.testng.reporters.JUnitReportReporter -->
<testsuite hostname="DESKTOP-8P3UHHS" name="com.testng.sample1.HelloWorld" tests="2" failures="0" timestamp="17 Sep 2017 09:43:31 GMT" time="0.006" errors="0">
  <testcase name="subtractTest" time="0.006" classname="com.testng.sample1.HelloWorld"/>
  <testcase name="addTest" time="0.000" classname="com.testng.sample1.HelloWorld"/>
</testsuite> <!-- com.testng.sample1.HelloWorld -->
