<?xml version="1.0" encoding="UTF-8"?>
<!-- Generated by org.testng.reporters.JUnitReportReporter -->
<testsuite skipped="0" hostname="DESKTOP-8P3UHHS" name="com.localserver.samples.Html5Page" tests="1" failures="0" timestamp="18 Sep 2017 18:11:54 GMT" time="5.700" errors="0">
  <testcase name="verifyHomepageTitle" time="5.700" classname="com.localserver.samples.Html5Page"/>
</testsuite> <!-- com.localserver.samples.Html5Page -->
