<?xml version="1.0" encoding="UTF-8"?>
<!-- Generated by org.testng.reporters.JUnitReportReporter -->
<testsuite skipped="1" hostname="DESKTOP-8P3UHHS" name="com.testng.testlistner.LoggingClass" tests="3" failures="0" timestamp="01 Sep 2017 14:10:32 GMT" time="0.008" errors="1">
  <testcase name="methodAddingNumbers" time="0.007" classname="com.testng.testlistner.LoggingClass"/>
  <testcase name="methodSkip" time="0.000" classname="com.testng.testlistner.LoggingClass">
    <skipped/>
  </testcase> <!-- methodSkip -->
  <testcase name="dividedByZero" time="0.001" classname="com.testng.testlistner.LoggingClass">
    <error type="java.lang.ArithmeticException" message="/ by zero">
      <![CDATA[java.lang.ArithmeticException: / by zero
	at com.testng.testlistner.LoggingClass.dividedByZero(LoggingClass.java:15)
	at sun.reflect.NativeMethodAccessorImpl.invoke0(Native Method)
	at sun.reflect.NativeMethodAccessorImpl.invoke(Unknown Source)
	at sun.reflect.DelegatingMethodAccessorImpl.invoke(Unknown Source)
	at java.lang.reflect.Method.invoke(Unknown Source)
	at org.testng.internal.MethodInvocationHelper.invokeMethod(MethodInvocationHelper.java:108)
	at org.testng.internal.Invoker.invokeMethod(Invoker.java:661)
	at org.testng.internal.Invoker.invokeTestMethod(Invoker.java:869)
	at org.testng.internal.Invoker.invokeTestMethods(Invoker.java:1193)
	at org.testng.internal.TestMethodWorker.invokeTestMethods(TestMethodWorker.java:126)
	at org.testng.internal.TestMethodWorker.run(TestMethodWorker.java:109)
	at java.util.concurrent.ThreadPoolExecutor.runWorker(Unknown Source)
	at java.util.concurrent.ThreadPoolExecutor$Worker.run(Unknown Source)
	at java.lang.Thread.run(Unknown Source)
]]>
    </error>
  </testcase> <!-- dividedByZero -->
</testsuite> <!-- com.testng.testlistner.LoggingClass -->
