<?xml version="1.0" encoding="UTF-8"?>
<!-- Generated by org.testng.reporters.JUnitReportReporter -->
<testsuite skipped="0" hostname="DESKTOP-8P3UHHS" name="com.testng.sample1.NewTest" tests="1" failures="0" timestamp="25 Sep 2017 11:47:06 GMT" time="6.662" errors="0">
  <testcase name="verifyHomepageTitle" time="6.662" classname="com.testng.sample1.NewTest"/>
</testsuite> <!-- com.testng.sample1.NewTest -->
