<?xml version="1.0" encoding="UTF-8"?>
<!-- Generated by org.testng.reporters.JUnitReportReporter -->
<testsuite hostname="DESKTOP-8P3UHHS" name="com.testng.sample1.NewTest" tests="4" failures="0" timestamp="17 Sep 2017 09:43:31 GMT" time="11.477" errors="0">
  <testcase name="TestCase2" time="0.000" classname="com.testng.sample1.NewTest"/>
  <testcase name="TestCase3" time="0.000" classname="com.testng.sample1.NewTest"/>
  <testcase name="verifyHomepageTitle" time="11.477" classname="com.testng.sample1.NewTest"/>
  <testcase name="TestCase1" time="0.000" classname="com.testng.sample1.NewTest"/>
</testsuite> <!-- com.testng.sample1.NewTest -->
